$BRK.B: possibly delisted; no price data found  (period=1d) (Yahoo error = "No data found, symbol may be delisted")
$BF.B: possibly delisted; no price data found  (period=1d)
MMM
AOS
ABT
ABBV
ACN
ADBE
AMD
AES
AFL
Error for missing data in operating cash flow,CapEx or outstanding shares.
A
APD
ABNB
AKAM
ALB
ARE
Error for missing data in operating cash flow,CapEx or outstanding shares.
ALGN
ALLE
LNT
Error for missing data in operating cash flow,CapEx or outstanding shares.
ALL
GOOGL
GOOG
MO
AMZN
AMCR
AEE
AEP
AXP
AIG
Error for missing data in operating cash flow,CapEx or outstanding shares.
AMT
AWK
AMP
AMP
529.1
624.75
0.26051044077293173
0.05
18.1
AME
AMGN
APH
ADI
ANSS
AON
APA
APO
AAPL
AMAT
APTV
ACGL
ACGL
89.53
141.59
0.2601964347128445
0.05
58.1
ADM
ANET
AJG
AIZ
T
ATO
ADSK
ADP
AZO
AVB
AVY
AXON
BKR
BALL
BAC
Error for missing data in operating cash flow,CapEx or outstanding shares.
BAX
BDX
BRK.B
No data found
BBY
TECH
BIIB
BLK
BX
Error for missing data in operating cash flow,CapEx or outstanding shares.
BK
BA
BKNG
BWA
BSX
BMY
AVGO
BR
BRO
BF.B
No data found
BLDR
BG
BXP
Error for missing data in operating cash flow,CapEx or outstanding shares.
CHRW
CDNS
CZR
CPT
CPB
COF
COF
198.43
416.05
0.1343740665525719
0.05
109.7
CAH
KMX
CCL
CARR
CAT
CBOE
CBRE
CDW
CE
CE
52.34
114.08
0.110257538980578
0.05
118.0
COR
CNC
CNP
CF
CRL
SCHW
CHTR
CVX
CMG
CB
Error for missing data in operating cash flow,CapEx or outstanding shares.
CHD
CI
CI
301.69
328.91
0.034250017458772763
0.034250017458772763
9.0
CINF
CTAS
CSCO
C
CFG
CLX
CME
CMS
KO
CTSH
CL
CMCSA
CAG
COP
ED
STZ
CEG
COO
CPRT
GLW
CPAY
CTVA
CSGP
COST
CTRA
CRWD
CCI
CSX
CMI
CVS
DHR
DRI
DVA
DVA
141.85
167.42
0.043853639402470224
0.043853639402470224
18.0
DAY
DECK
DE
DELL
DAL
DVN
DXCM
FANG
DLR
Error for missing data in operating cash flow,CapEx or outstanding shares.
DFS
DG
DLTR
D
DPZ
DOV
DOW
DHI
DTE
DUK
DD
EMN
ETN
EBAY
ECL
EIX
EW
EA
ELV
EMR
ENPH
ETR
EOG
EPAM
EQT
EFX
EQIX
EQR
ERIE
ESS
EL
EG
Error for missing data in operating cash flow,CapEx or outstanding shares.
EVRG
ES
EXC
EXPE
EXPD
EXR
XOM
FFIV
FDS
FICO
FAST
FRT
FDX
FIS
FITB
FITB
43.06
56.11
5.761175255476932
0.05
30.3
FSLR
FE
FI
FMC
F
FTNT
FTV
FOXA
FOX
BEN
FCX
GRMN
IT
GE
GEHC
GEV
GEN
GEN
27.3
31.03
0.4293138997630046
0.05
13.7
GNRC
GD
GIS
GM
GPC
GILD
GPN
GPN
103.22
107.97
0.07699814716312203
0.05
4.6
GL
GL
122.75
130.79
-0.00041978254341945576
-0.00041978254341945576
6.5
GDDY
GS
HAL
HIG
HIG
113.16
116.46
0.021536232601257144
0.021536232601257144
2.9
HAS
HCA
DOC
Error for missing data in operating cash flow,CapEx or outstanding shares.
HSIC
HSY
HES
HPE
HLT
HOLX
HD
HON
HRL
HST
HWM
HPQ
HUBB
HUM
HBAN
HII
IBM
IEX
IDXX
ITW
INCY
IR
PODD
INTC
ICE
IFF
IP
IPG
INTU
ISRG
IVZ
IVZ
17.6
19.97
0.006296385182561037
0.006296385182561037
13.5
INVH
IQV
IRM
JBHT
JBL
JKHY
J
JNJ
JCI
JPM
Error for missing data in operating cash flow,CapEx or outstanding shares.
JNPR
K
KVUE
KDP
KEY
KEY
16.98
23.34
0.1969614868350198
0.05
37.5
KEYS
KMB
KIM
Error for missing data in operating cash flow,CapEx or outstanding shares.
KMI
KKR
KLAC
KHC
KR
LHX
LH
LRCX
LW
LVS
LDOS
LEN
LII
LLY
LIN
LYV
LKQ
LMT
L
LOW
LULU
LYB
LYB
77.08
98.49
0.3278246372542437
0.05
27.8
MTB
MPC
MKTX
MAR
MMC
MLM
MAS
MA
MTCH
MKC
MCD
MCK
MDT
MRK
META
MET
Error for missing data in operating cash flow,CapEx or outstanding shares.
MTD
MGM
MCHP
MU
MSFT
MAA
MRNA
MHK
MOH
TAP
MDLZ
MPWR
MNST
MCO
MS
MOS
MOS
25.42
29.59
0.34604879459438265
0.05
16.4
MSI
MSCI
NDAQ
NTAP
NFLX
NEM
NWSA
NWS
NEE
NKE
NI
NDSN
NSC
NTRS
NOC
NCLH
NRG
NUE
NUE
136.78
195.13
0.6192250719803127
0.05
42.7
NVDA
NVR
NXPI
ORLY
OXY
ODFL
OMC
ON
OKE
ORCL
OTIS
PCAR
PKG
PLTR
PANW
PARA
PH
PAYX
PAYC
PYPL
PNR
PEP
PFE
PCG
PM
PSX
PNW
PNC
Error for missing data in operating cash flow,CapEx or outstanding shares.
POOL
PPG
PPL
PFG
PFG
85.43
188.04
0.13214882917862525
0.05
120.1
PG
PGR
PLD
Error for missing data in operating cash flow,CapEx or outstanding shares.
PRU
Error for missing data in operating cash flow,CapEx or outstanding shares.
PEG
PTC
PSA
PHM
PWR
QCOM
DGX
RL
RJF
RTX
O
Error for missing data in operating cash flow,CapEx or outstanding shares.
REG
Error for missing data in operating cash flow,CapEx or outstanding shares.
REGN
RF
RSG
RMD
RVTY
ROK
ROL
ROP
ROST
RCL
SPGI
CRM
SBAC
SLB
STX
SRE
NOW
SHW
SPG
SWKS
SWKS
67.64
95.54
0.13595911211641654
0.05
41.2
SJM
SW
SNA
SOLV
SO
LUV
SWK
SBUX
STT
STLD
STE
SYK
SMCI
SYF
Error for missing data in operating cash flow,CapEx or outstanding shares.
SNPS
SYY
TMUS
TROW
TTWO
TPR
TRGP
TGT
TEL
TDY
TFX
TER
TSLA
TXN
TPL
TXT
TMO
TJX
TSCO
TT
TDG
TRV
Error for missing data in operating cash flow,CapEx or outstanding shares.
TRMB
TFC
TYL
TSN
USB
Error for missing data in operating cash flow,CapEx or outstanding shares.
UBER
UDR
ULTA
UNP
UAL
UPS
URI
UNH
UHS
VLO
VTR
VLTO
VRSN
VRSK
VZ
VRTX
VTRS
VTRS
11.38
18.22
0.6163490154931699
0.05
60.1
VICI
V
VST
VMC
WRB
WRB
62.29
71.01
0.22139088785216288
0.05
14.0
GWW
WAB
WBA
WMT
DIS
WBD
WBD
10.92
23.49
0.3814361993510238
0.05
115.1
WM
WAT
WEC
WFC
Error for missing data in operating cash flow,CapEx or outstanding shares.
WELL
WST
WDC
WY
WMB
WTW
WDAY
WYNN
XEL
XYL
YUM
ZBRA
ZBH
ZTS
Analysis ended
Writing to file
